<?xml version="1.0" encoding="UTF-8"?>
<!-- Generated by org.testng.reporters.JUnitXMLReporter -->
<testsuite ignored="0" hostname="DESKTOP-2VEI95D" failures="1" tests="6" name="Test" time="0.081" errors="0" timestamp="2024-06-19T15:38:34 IST">
  <testcase classname="listeners.TestNG_listnerdemo" name="test1" time="0.01"/>
  <testcase classname="listeners.TestNG_listnerdemo" name="test2" time="0.013">
    <failure type="java.lang.AssertionError" message="expected [true] but found [false]">
      <![CDATA[java.lang.AssertionError: expected [true] but found [false]
at listeners.TestNG_listnerdemo.test2(TestNG_listnerdemo.java:20)
at java.base/java.util.ArrayList.forEach(ArrayList.java:1511)
... Removed 31 stack frames]]>
    </failure>
  </testcase> <!-- test2 -->
  <testcase classname="listeners.TestNG_listnerdemo" name="test3" time="0.0">
    <skipped/>
  </testcase> <!-- test3 -->
  <testcase classname="listeners.TestNG_listnerdemo2" name="test4" time="0.001"/>
  <testcase classname="listeners.TestNG_listnerdemo2" name="test5" time="0.001"/>
  <testcase classname="listeners.TestNG_listnerdemo2" name="test6" time="0.002">
    <skipped/>
  </testcase> <!-- test6 -->
</testsuite> <!-- Test -->
